<?xml version="1.0" encoding="UTF-8"?>
<!-- Generated by org.testng.reporters.JUnitReportReporter -->
<testsuite hostname="LAPTOP-2DOAJMG5" failures="0" tests="2" name="crosbrowser.TestC" time="18.961" errors="0" timestamp="2022-06-29T19:35:12 IST" skipped="0">
  <testcase classname="crosbrowser.TestC" name="myMethad" time="8.678"/>
  <system-out/>
  <testcase classname="crosbrowser.TestC" name="myMethad" time="10.283"/>
  <system-out/>
</testsuite> <!-- crosbrowser.TestC -->
