<?xml version="1.0" encoding="UTF-8"?>
<!-- Generated by org.testng.reporters.JUnitReportReporter -->
<testsuite hostname="LAPTOP-2DOAJMG5" failures="0" tests="1" name="zeroda_validate_Excel.validate_new" time="3.225" errors="0" timestamp="2022-07-12T12:47:28 IST" skipped="0">
  <testcase classname="zeroda_validate_Excel.validate_new" name="validateUserID" time="3.225"/>
  <system-out/>
</testsuite> <!-- zeroda_validate_Excel.validate_new -->
