<?xml version="1.0" encoding="UTF-8"?>
<!-- Generated by org.testng.reporters.JUnitReportReporter -->
<testsuite hostname="LAPTOP-2DOAJMG5" failures="0" tests="3" name="TestngKeyword.EnableUse" time="0.009" errors="0" timestamp="2022-06-23T14:24:44 IST" skipped="1">
  <testcase classname="TestngKeyword.EnableUse" name="d" time="0.008"/>
  <system-out>
    <![CDATA[d is running]]>
  </system-out>
  <testcase classname="TestngKeyword.EnableUse" name="v" time="0.001"/>
  <system-out>
    <![CDATA[v is running]]>
  </system-out>
  <testcase classname="TestngKeyword.EnableUse" name="a">
    <skipped/>
  </testcase> <!-- a -->
  <system-out/>
</testsuite> <!-- TestngKeyword.EnableUse -->
