<?xml version="1.0" encoding="UTF-8"?>
<!-- Generated by org.testng.reporters.JUnitReportReporter -->
<testsuite hostname="LAPTOP-2DOAJMG5" failures="0" tests="1" name="Grupingleval.T1" time="0.006" errors="0" timestamp="2022-06-27T10:14:41 IST" skipped="0">
  <testcase classname="Grupingleval.T1" name="a" time="0.006"/>
  <system-out/>
</testsuite> <!-- Grupingleval.T1 -->
