<?xml version="1.0" encoding="UTF-8"?>
<!-- Generated by org.testng.reporters.JUnitReportReporter -->
<testsuite hostname="LAPTOP-2DOAJMG5" failures="0" tests="1" name="serialExucation.myclass2" time="6.585" errors="0" timestamp="2022-06-28T11:37:08 IST" skipped="0">
  <testcase classname="serialExucation.myclass2" name="mymethad" time="6.585"/>
  <system-out/>
</testsuite> <!-- serialExucation.myclass2 -->
