<?xml version="1.0" encoding="UTF-8"?>
<!-- Generated by org.testng.reporters.JUnitReportReporter -->
<testsuite hostname="LAPTOP-2DOAJMG5" failures="0" tests="2" name="includeExlaude.myTest1" time="0.002" errors="0" timestamp="2022-06-28T09:00:18 IST" skipped="0">
  <testcase classname="includeExlaude.myTest1" name="y" time="0.001"/>
  <system-out>
    <![CDATA[y is running]]>
  </system-out>
  <testcase classname="includeExlaude.myTest1" name="z" time="0.001"/>
  <system-out>
    <![CDATA[z is running]]>
  </system-out>
</testsuite> <!-- includeExlaude.myTest1 -->
