<?xml version="1.0" encoding="UTF-8"?>
<!-- Generated by org.testng.reporters.JUnitReportReporter -->
<testsuite hostname="LAPTOP-2DOAJMG5" failures="0" tests="1" name="crosbrowser.Firefoxbrowser" time="8.425" errors="0" timestamp="2022-06-29T16:48:47 IST" skipped="0">
  <testcase classname="crosbrowser.Firefoxbrowser" name="myMethad" time="8.425"/>
  <system-out/>
</testsuite> <!-- crosbrowser.Firefoxbrowser -->
