<?xml version="1.0" encoding="UTF-8"?>
<!-- Generated by org.testng.reporters.JUnitReportReporter -->
<testsuite hostname="LAPTOP-2DOAJMG5" failures="0" tests="5" name="Testng.Testng2" time="0.009" errors="0" timestamp="2022-06-28T12:03:32 IST" skipped="0">
  <testcase classname="Testng.Testng2" name="TC3" time="0.001"/>
  <system-out>
    <![CDATA[Running TC3]]>
  </system-out>
  <testcase classname="Testng.Testng2" name="TC4" time="0.000"/>
  <system-out>
    <![CDATA[Running TC4]]>
  </system-out>
  <testcase classname="Testng.Testng2" name="TC2" time="0.001"/>
  <system-out>
    <![CDATA[Running TC2]]>
  </system-out>
  <testcase classname="Testng.Testng2" name="TC1" time="0.001"/>
  <system-out>
    <![CDATA[Running TC1]]>
  </system-out>
  <testcase classname="Testng.Testng2" name="TC0" time="0.006"/>
  <system-out/>
</testsuite> <!-- Testng.Testng2 -->
