<?xml version="1.0" encoding="UTF-8"?>
<!-- Generated by org.testng.reporters.JUnitReportReporter -->
<testsuite hostname="LAPTOP-2DOAJMG5" failures="0" tests="2" name="Testng.TestStudy" time="20.574" errors="0" timestamp="2022-06-22T18:09:42 IST" skipped="0">
  <testcase classname="Testng.TestStudy" name="Kitlogin" time="13.134"/>
  <system-out>
    <![CDATA[hi this methad is reporter output
hi this methad is reporter output true]]>
  </system-out>
  <testcase classname="Testng.TestStudy" name="Kitlogin1" time="7.440"/>
  <system-out/>
</testsuite> <!-- Testng.TestStudy -->
