<?xml version="1.0" encoding="UTF-8"?>
<!-- Generated by org.testng.reporters.JUnitReportReporter -->
<testsuite hostname="LAPTOP-2DOAJMG5" failures="0" tests="1" name="practice.crosbrowser" time="5.013" errors="0" timestamp="2022-06-29T20:36:06 IST" skipped="0">
  <testcase classname="practice.crosbrowser" name="f" time="5.013"/>
  <system-out/>
</testsuite> <!-- practice.crosbrowser -->
