<?xml version="1.0" encoding="UTF-8"?>
<!-- Generated by org.testng.reporters.JUnitReportReporter -->
<testsuite hostname="LAPTOP-2DOAJMG5" failures="0" tests="3" name="Testng.InvocationCountUse" time="0.013" errors="0" timestamp="2022-06-22T14:54:04 IST" skipped="0">
  <testcase classname="Testng.InvocationCountUse" name="MyTest" time="0.000"/>
  <system-out>
    <![CDATA[hello]]>
  </system-out>
  <testcase classname="Testng.InvocationCountUse" name="MyTest" time="0.003"/>
  <system-out>
    <![CDATA[hello]]>
  </system-out>
  <testcase classname="Testng.InvocationCountUse" name="MyTest" time="0.010"/>
  <system-out>
    <![CDATA[hello]]>
  </system-out>
</testsuite> <!-- Testng.InvocationCountUse -->
