<?xml version="1.0" encoding="UTF-8"?>
<!-- Generated by org.testng.reporters.JUnitReportReporter -->
<testsuite hostname="LAPTOP-2DOAJMG5" failures="0" tests="1" name="VeryFicationUsingTestng.VerifyRadioButton" time="17.661" errors="0" timestamp="2022-06-28T14:22:21 IST" skipped="0">
  <testcase classname="VeryFicationUsingTestng.VerifyRadioButton" name="MyMethod" time="17.661"/>
  <system-out/>
</testsuite> <!-- VeryFicationUsingTestng.VerifyRadioButton -->
