<?xml version="1.0" encoding="UTF-8"?>
<!-- Generated by org.testng.reporters.JUnitReportReporter -->
<testsuite hostname="LAPTOP-2DOAJMG5" failures="0" tests="1" name="Testng.Testng3" time="4.382" errors="0" timestamp="2022-06-22T18:01:55 IST" skipped="0">
  <testcase classname="Testng.Testng3" name="KiteApp" time="4.382"/>
  <system-out>
    <![CDATA[good mornning]]>
  </system-out>
</testsuite> <!-- Testng.Testng3 -->
