<?xml version="1.0" encoding="UTF-8"?>
<!-- Generated by org.testng.reporters.JUnitReportReporter -->
<testsuite hostname="LAPTOP-2DOAJMG5" failures="0" tests="3" name="TestngKeyword.DepentofmethadUse" time="0.018" errors="0" timestamp="2022-06-23T15:09:29 IST" skipped="0">
  <testcase classname="TestngKeyword.DepentofmethadUse" name="a" time="0.002"/>
  <system-out>
    <![CDATA[a is running]]>
  </system-out>
  <testcase classname="TestngKeyword.DepentofmethadUse" name="v" time="0.002"/>
  <system-out>
    <![CDATA[v is running]]>
  </system-out>
  <testcase classname="TestngKeyword.DepentofmethadUse" name="d" time="0.014"/>
  <system-out>
    <![CDATA[d is running]]>
  </system-out>
</testsuite> <!-- TestngKeyword.DepentofmethadUse -->
