<?xml version="1.0" encoding="UTF-8"?>
<!-- Generated by org.testng.reporters.JUnitReportReporter -->
<testsuite hostname="LAPTOP-2DOAJMG5" failures="0" tests="3" name="Testng.PriorityUse" time="0.014" errors="0" timestamp="2022-06-22T15:00:23 IST" skipped="0">
  <testcase classname="Testng.PriorityUse" name="v" time="0.000"/>
  <system-out>
    <![CDATA[v is running]]>
  </system-out>
  <testcase classname="Testng.PriorityUse" name="d" time="0.000"/>
  <system-out>
    <![CDATA[d is running]]>
  </system-out>
  <testcase classname="Testng.PriorityUse" name="a" time="0.014"/>
  <system-out>
    <![CDATA[a is running]]>
  </system-out>
</testsuite> <!-- Testng.PriorityUse -->
