<?xml version="1.0" encoding="UTF-8"?>
<!-- Generated by org.testng.reporters.JUnitReportReporter -->
<testsuite hostname="LAPTOP-2DOAJMG5" failures="0" tests="3" name="TestngKeyword.PriortyUse" time="0.009" errors="0" timestamp="2022-06-23T14:31:29 IST" skipped="0">
  <testcase classname="TestngKeyword.PriortyUse" name="d" time="0.009"/>
  <system-out>
    <![CDATA[d is running]]>
  </system-out>
  <testcase classname="TestngKeyword.PriortyUse" name="v" time="0.000"/>
  <system-out>
    <![CDATA[v is running]]>
  </system-out>
  <testcase classname="TestngKeyword.PriortyUse" name="a" time="0.000"/>
  <system-out>
    <![CDATA[a is running]]>
  </system-out>
</testsuite> <!-- TestngKeyword.PriortyUse -->
