<?xml version="1.0" encoding="UTF-8"?>
<!-- Generated by org.testng.reporters.JUnitReportReporter -->
<testsuite hostname="LAPTOP-2DOAJMG5" failures="0" tests="1" name="VeryFicationUsingTestng.AssertEqulesUse" time="0.010" errors="0" timestamp="2022-06-28T14:35:50 IST" skipped="0">
  <testcase classname="VeryFicationUsingTestng.AssertEqulesUse" name="myMethad" time="0.010"/>
  <system-out>
    <![CDATA[a and b values are matching TC passed]]>
  </system-out>
</testsuite> <!-- VeryFicationUsingTestng.AssertEqulesUse -->
