<?xml version="1.0" encoding="UTF-8"?>
<!-- Generated by org.testng.reporters.JUnitReportReporter -->
<testsuite hostname="LAPTOP-2DOAJMG5" failures="0" tests="1" name="includeExlaude.myTestclass" time="0.005" errors="0" timestamp="2022-06-28T09:00:18 IST" skipped="0">
  <testcase classname="includeExlaude.myTestclass" name="a" time="0.005"/>
  <system-out>
    <![CDATA[a is running]]>
  </system-out>
</testsuite> <!-- includeExlaude.myTestclass -->
