<?xml version="1.0" encoding="UTF-8"?>
<!-- Generated by org.testng.reporters.JUnitReportReporter -->
<testsuite hostname="LAPTOP-2DOAJMG5" failures="0" tests="1" name="Testng.AnnoTationStudyTest1" time="0.000" errors="0" timestamp="2022-06-22T15:32:04 IST" skipped="0">
  <testcase classname="Testng.AnnoTationStudyTest1" name="rechargePhone" time="0.000"/>
  <system-out>
    <![CDATA[Recharge done]]>
  </system-out>
</testsuite> <!-- Testng.AnnoTationStudyTest1 -->
