<?xml version="1.0" encoding="UTF-8"?>
<!-- Generated by org.testng.reporters.JUnitReportReporter -->
<testsuite hostname="LAPTOP-2DOAJMG5" failures="0" tests="1" name="VeryFicationUsingTestng.AssertNulluse" time="0.010" errors="0" timestamp="2022-06-28T14:57:28 IST" skipped="0">
  <testcase classname="VeryFicationUsingTestng.AssertNulluse" name="f" time="0.010"/>
  <system-out>
    <![CDATA[TC is passed value is true]]>
  </system-out>
</testsuite> <!-- VeryFicationUsingTestng.AssertNulluse -->
