<?xml version="1.0" encoding="UTF-8"?>
<!-- Generated by org.testng.reporters.JUnitReportReporter -->
<testsuite hostname="LAPTOP-2DOAJMG5" failures="0" tests="3" name="TestngKeyword.PriortyKeyword" time="0.009" errors="0" timestamp="2022-06-28T08:55:04 IST" skipped="0">
  <testcase classname="TestngKeyword.PriortyKeyword" name="v" time="0.001"/>
  <system-out>
    <![CDATA[v is running]]>
  </system-out>
  <testcase classname="TestngKeyword.PriortyKeyword" name="d" time="0.001"/>
  <system-out>
    <![CDATA[d is running]]>
  </system-out>
  <testcase classname="TestngKeyword.PriortyKeyword" name="a" time="0.007"/>
  <system-out>
    <![CDATA[a is running]]>
  </system-out>
</testsuite> <!-- TestngKeyword.PriortyKeyword -->
