<?xml version="1.0" encoding="UTF-8"?>
<!-- Generated by org.testng.reporters.JUnitReportReporter -->
<testsuite hostname="LAPTOP-2DOAJMG5" failures="0" tests="1" name="VeryFicationUsingTestng.AssertFalse" time="0.012" errors="0" timestamp="2022-06-28T14:52:18 IST" skipped="0">
  <testcase classname="VeryFicationUsingTestng.AssertFalse" name="myMethad" time="0.012"/>
  <system-out>
    <![CDATA[TC is passed values is true]]>
  </system-out>
</testsuite> <!-- VeryFicationUsingTestng.AssertFalse -->
