<?xml version="1.0" encoding="UTF-8"?>
<!-- Generated by org.testng.reporters.JUnitReportReporter -->
<testsuite hostname="LAPTOP-2DOAJMG5" failures="0" tests="2" name="Annotation.Test1$AnnoTationStudy" time="0.010" errors="0" timestamp="2022-06-29T19:51:58 IST" skipped="0">
  <testcase classname="Annotation.Test1$AnnoTationStudy" name="validUserID" time="0.006"/>
  <system-out>
    <![CDATA[ user id validate]]>
  </system-out>
  <testcase classname="Annotation.Test1$AnnoTationStudy" name="valiadateDashboard" time="0.004"/>
  <system-out>
    <![CDATA[ dashboard validate]]>
  </system-out>
</testsuite> <!-- Annotation.Test1$AnnoTationStudy -->
