<?xml version="1.0" encoding="UTF-8"?>
<!-- Generated by org.testng.reporters.JUnitReportReporter -->
<testsuite hostname="LAPTOP-2DOAJMG5" failures="0" tests="1" name="Grupingleval.Testng2" time="0.007" errors="0" timestamp="2022-06-24T14:19:54 IST" skipped="0">
  <testcase classname="Grupingleval.Testng2" name="w" time="0.007"/>
  <system-out>
    <![CDATA[w is running sanity]]>
  </system-out>
</testsuite> <!-- Grupingleval.Testng2 -->
