<?xml version="1.0" encoding="UTF-8"?>
<!-- Generated by org.testng.reporters.JUnitReportReporter -->
<testsuite hostname="LAPTOP-2DOAJMG5" failures="0" tests="2" name="Testng.AnnoTationStudy" time="0.021" errors="0" timestamp="2022-06-24T20:53:50 IST" skipped="0">
  <testcase classname="Testng.AnnoTationStudy" name="valiadateDashboard" time="0.013"/>
  <system-out>
    <![CDATA[ dashboard validate]]>
  </system-out>
  <testcase classname="Testng.AnnoTationStudy" name="validUserID" time="0.008"/>
  <system-out>
    <![CDATA[ user id validate]]>
  </system-out>
</testsuite> <!-- Testng.AnnoTationStudy -->
