<?xml version="1.0" encoding="UTF-8"?>
<!-- Generated by org.testng.reporters.JUnitReportReporter -->
<testsuite hostname="LAPTOP-2DOAJMG5" failures="0" tests="4" name="Grupingleval.Testng1" time="0.009" errors="0" timestamp="2022-06-27T10:15:22 IST" skipped="0">
  <testcase classname="Grupingleval.Testng1" name="a" time="0.007"/>
  <system-out>
    <![CDATA[a is running]]>
  </system-out>
  <testcase classname="Grupingleval.Testng1" name="b" time="0.001"/>
  <system-out>
    <![CDATA[b is running regression]]>
  </system-out>
  <testcase classname="Grupingleval.Testng1" name="c" time="0.000"/>
  <system-out>
    <![CDATA[c is running sanity]]>
  </system-out>
  <testcase classname="Grupingleval.Testng1" name="d" time="0.001"/>
  <system-out>
    <![CDATA[d is running regression]]>
  </system-out>
</testsuite> <!-- Grupingleval.Testng1 -->
