<?xml version="1.0" encoding="UTF-8"?>
<!-- Generated by org.testng.reporters.JUnitReportReporter -->
<testsuite hostname="LAPTOP-2DOAJMG5" failures="0" tests="3" name="TestngKeyword.TimeoutKeyword" time="0.021" errors="0" timestamp="2022-06-23T14:43:52 IST" skipped="0">
  <testcase classname="TestngKeyword.TimeoutKeyword" name="v" time="0.002"/>
  <system-out>
    <![CDATA[v is running]]>
  </system-out>
  <testcase classname="TestngKeyword.TimeoutKeyword" name="a" time="0.009"/>
  <system-out>
    <![CDATA[a is running]]>
  </system-out>
  <testcase classname="TestngKeyword.TimeoutKeyword" name="d" time="0.010"/>
  <system-out>
    <![CDATA[d is running]]>
  </system-out>
</testsuite> <!-- TestngKeyword.TimeoutKeyword -->
