<?xml version="1.0" encoding="UTF-8"?>
<!-- Generated by org.testng.reporters.JUnitReportReporter -->
<testsuite hostname="LAPTOP-2DOAJMG5" failures="0" tests="1" name="VeryFicationUsingTestng.EqulesTcpass" time="0.008" errors="0" timestamp="2022-06-28T17:44:06 IST" skipped="0">
  <testcase classname="VeryFicationUsingTestng.EqulesTcpass" name="myMethad" time="0.008"/>
  <system-out>
    <![CDATA[a and b values are matching TC passed]]>
  </system-out>
</testsuite> <!-- VeryFicationUsingTestng.EqulesTcpass -->
