<?xml version="1.0" encoding="UTF-8"?>
<!-- Generated by org.testng.reporters.JUnitReportReporter -->
<testsuite hostname="LAPTOP-2DOAJMG5" failures="0" tests="2" name="crosbrowser.test" time="11.559" errors="0" timestamp="2022-06-29T19:26:47 IST" skipped="0">
  <testcase classname="crosbrowser.test" name="myMethad" time="7.662"/>
  <system-out/>
  <testcase classname="crosbrowser.test" name="myMethad" time="3.897"/>
  <system-out/>
</testsuite> <!-- crosbrowser.test -->
