<?xml version="1.0" encoding="UTF-8"?>
<!-- Generated by org.testng.reporters.JUnitReportReporter -->
<testsuite hostname="LAPTOP-2DOAJMG5" failures="0" tests="2" name="Testng.Testng4" time="15.122" errors="0" timestamp="2022-06-22T14:29:45 IST" skipped="0">
  <testcase classname="Testng.Testng4" name="mymethad1" time="2.874"/>
  <system-out/>
  <testcase classname="Testng.Testng4" name="mymethad" time="12.248"/>
  <system-out/>
</testsuite> <!-- Testng.Testng4 -->
