<?xml version="1.0" encoding="UTF-8"?>
<!-- Generated by org.testng.reporters.JUnitReportReporter -->
<testsuite hostname="LAPTOP-2DOAJMG5" failures="0" tests="1" name="Annotation.Test2" time="0.004" errors="0" timestamp="2022-06-29T19:53:14 IST" skipped="0">
  <testcase classname="Annotation.Test2" name="rechargePhone" time="0.004"/>
  <system-out>
    <![CDATA[Recharge done]]>
  </system-out>
</testsuite> <!-- Annotation.Test2 -->
