<?xml version="1.0" encoding="UTF-8"?>
<!-- Generated by org.testng.reporters.JUnitReportReporter -->
<testsuite hostname="LAPTOP-2DOAJMG5" failures="0" tests="1" name="Firefox.browser" time="8.106" errors="0" timestamp="2022-06-29T14:28:01 IST" skipped="0">
  <testcase classname="Firefox.browser" name="f" time="8.106"/>
  <system-out/>
</testsuite> <!-- Firefox.browser -->
