<?xml version="1.0" encoding="UTF-8"?>
<!-- Generated by org.testng.reporters.JUnitReportReporter -->
<testsuite hostname="LAPTOP-2DOAJMG5" failures="0" tests="3" name="TestngKeyword.InvocationCountUse" time="0.011" errors="0" timestamp="2022-06-28T08:51:34 IST" skipped="0">
  <testcase classname="TestngKeyword.InvocationCountUse" name="MyTest" time="0.001"/>
  <system-out>
    <![CDATA[hello]]>
  </system-out>
  <testcase classname="TestngKeyword.InvocationCountUse" name="MyTest" time="0.003"/>
  <system-out>
    <![CDATA[hello]]>
  </system-out>
  <testcase classname="TestngKeyword.InvocationCountUse" name="MyTest" time="0.007"/>
  <system-out>
    <![CDATA[hello]]>
  </system-out>
</testsuite> <!-- TestngKeyword.InvocationCountUse -->
