<?xml version="1.0" encoding="UTF-8"?>
<!-- Generated by org.testng.reporters.JUnitReportReporter -->
<testsuite hostname="LAPTOP-2DOAJMG5" failures="0" tests="2" name="Testng.Testng1" time="12.503" errors="0" timestamp="2022-06-28T11:44:40 IST" skipped="0">
  <testcase classname="Testng.Testng1" name="Login" time="8.482"/>
  <system-out>
    <![CDATA[hi this mathad is reporter output
hi this mathad is reporter output true]]>
  </system-out>
  <testcase classname="Testng.Testng1" name="login1" time="4.021"/>
  <system-out/>
</testsuite> <!-- Testng.Testng1 -->
